TN:
SF:src/AppCartasMagic/Carta.ts
FN:47,<instance_members_initializer>
FN:48,Carta
FN:64,<instance_members_initializer>
FN:65,CartaCriatura
FN:85,<instance_members_initializer>
FN:86,CartaPlaneswalker
FNF:6
FNH:6
FNDA:3,<instance_members_initializer>
FNDA:3,Carta
FNDA:1,<instance_members_initializer>
FNDA:1,CartaCriatura
FNDA:1,<instance_members_initializer>
FNDA:1,CartaPlaneswalker
DA:1,1
DA:2,1
DA:3,1
DA:4,1
DA:5,1
DA:6,1
DA:7,1
DA:8,1
DA:9,1
DA:10,1
DA:11,1
DA:12,1
DA:13,1
DA:14,1
DA:15,1
DA:16,1
DA:17,1
DA:18,1
DA:19,1
DA:20,1
DA:21,1
DA:22,1
DA:23,1
DA:24,1
DA:25,1
DA:26,1
DA:27,1
DA:28,1
DA:29,1
DA:30,1
DA:31,1
DA:32,1
DA:33,1
DA:34,1
DA:35,1
DA:36,1
DA:37,1
DA:38,1
DA:39,1
DA:40,1
DA:41,1
DA:42,1
DA:43,1
DA:44,1
DA:45,1
DA:46,1
DA:47,1
DA:48,3
DA:49,3
DA:50,3
DA:51,3
DA:52,3
DA:53,3
DA:54,3
DA:55,3
DA:56,3
DA:57,3
DA:58,1
DA:59,1
DA:60,1
DA:61,1
DA:62,1
DA:63,1
DA:64,1
DA:65,1
DA:66,1
DA:67,1
DA:68,1
DA:69,1
DA:70,1
DA:71,1
DA:72,1
DA:73,1
DA:74,1
DA:75,1
DA:76,1
DA:77,1
DA:78,1
DA:79,1
DA:80,1
DA:81,1
DA:82,1
DA:83,1
DA:84,1
DA:85,1
DA:86,1
DA:87,1
DA:88,1
DA:89,1
DA:90,1
DA:91,1
DA:92,1
DA:93,1
DA:94,1
DA:95,1
DA:96,1
DA:97,1
DA:98,1
LF:98
LH:98
BRDA:4,0,0,1
BRDA:17,1,0,1
BRDA:30,2,0,1
BRDA:47,3,0,3
BRDA:48,4,0,3
BRDA:64,5,0,1
BRDA:65,6,0,1
BRDA:85,7,0,1
BRDA:86,8,0,1
BRF:9
BRH:9
end_of_record
TN:
SF:src/AppCartasMagic/GestorCartasCallBack.ts
FN:20,construirDirectorio
FN:31,construirRutaArchivo
FN:43,addCarta
FN:67,modificarCarta
FN:88,eliminarCarta
FN:110,listarCartas
FN:168,mostrarCarta
FNF:7
FNH:7
FNDA:24,construirDirectorio
FNDA:16,construirRutaArchivo
FNDA:6,addCarta
FNDA:1,modificarCarta
FNDA:8,eliminarCarta
FNDA:2,listarCartas
FNDA:1,mostrarCarta
DA:1,1
DA:2,1
DA:3,1
DA:4,1
DA:5,1
DA:6,1
DA:7,1
DA:8,1
DA:9,1
DA:10,1
DA:11,1
DA:12,1
DA:13,1
DA:14,1
DA:15,1
DA:16,1
DA:17,1
DA:18,1
DA:19,1
DA:20,1
DA:21,24
DA:22,24
DA:23,1
DA:24,1
DA:25,1
DA:26,1
DA:27,1
DA:28,1
DA:29,1
DA:30,1
DA:31,1
DA:32,16
DA:33,16
DA:34,16
DA:35,1
DA:36,1
DA:37,1
DA:38,1
DA:39,1
DA:40,1
DA:41,1
DA:42,1
DA:43,1
DA:44,6
DA:45,6
DA:46,6
DA:47,6
DA:48,0
DA:49,6
DA:50,6
DA:51,6
DA:52,5
DA:53,5
DA:54,5
DA:55,6
DA:56,1
DA:57,6
DA:58,6
DA:59,1
DA:60,1
DA:61,1
DA:62,1
DA:63,1
DA:64,1
DA:65,1
DA:66,1
DA:67,1
DA:68,1
DA:69,1
DA:70,1
DA:71,1
DA:72,1
DA:73,1
DA:74,0
DA:75,0
DA:76,0
DA:77,0
DA:78,0
DA:79,0
DA:80,1
DA:81,1
DA:82,1
DA:83,1
DA:84,1
DA:85,1
DA:86,1
DA:87,1
DA:88,1
DA:89,8
DA:90,8
DA:91,8
DA:92,8
DA:93,4
DA:94,4
DA:95,4
DA:96,4
DA:97,4
DA:98,4
DA:99,4
DA:100,4
DA:101,4
DA:102,8
DA:103,8
DA:104,1
DA:105,1
DA:106,1
DA:107,1
DA:108,1
DA:109,1
DA:110,1
DA:111,2
DA:112,2
DA:113,2
DA:114,2
DA:115,2
DA:116,1
DA:117,1
DA:118,1
DA:119,1
DA:120,1
DA:121,1
DA:122,1
DA:123,1
DA:124,1
DA:125,1
DA:126,1
DA:127,1
DA:128,1
DA:129,1
DA:130,1
DA:131,0
DA:132,0
DA:133,0
DA:134,1
DA:135,1
DA:136,4
DA:137,4
DA:138,4
DA:139,4
DA:140,4
DA:141,4
DA:142,4
DA:143,4
DA:144,4
DA:145,0
DA:146,0
DA:147,4
DA:148,4
DA:149,4
DA:150,4
DA:151,4
DA:152,1
DA:153,1
DA:154,1
DA:155,4
DA:156,1
DA:157,1
DA:158,2
DA:159,2
DA:160,1
DA:161,1
DA:162,1
DA:163,1
DA:164,1
DA:165,1
DA:166,1
DA:167,1
DA:168,1
DA:169,1
DA:170,1
DA:171,1
DA:172,1
DA:173,1
DA:174,1
DA:175,1
DA:176,1
DA:177,1
DA:178,0
DA:179,0
DA:180,0
DA:181,0
DA:182,0
DA:183,0
DA:184,0
DA:185,0
DA:186,0
DA:187,0
DA:188,0
DA:189,0
DA:190,0
DA:191,0
DA:192,0
DA:193,0
DA:194,0
DA:195,0
DA:196,0
DA:197,1
DA:198,1
DA:199,1
LF:199
LH:168
BRDA:20,0,0,24
BRDA:31,1,0,16
BRDA:43,2,0,6
BRDA:47,3,0,0
BRDA:51,4,0,5
BRDA:55,5,0,1
BRDA:67,6,0,1
BRDA:74,7,0,0
BRDA:88,8,0,8
BRDA:91,9,0,8
BRDA:92,10,0,4
BRDA:96,11,0,4
BRDA:110,12,0,2
BRDA:114,13,0,2
BRDA:115,14,0,1
BRDA:122,15,0,1
BRDA:130,16,0,0
BRDA:135,17,0,4
BRDA:139,18,0,4
BRDA:144,19,0,0
BRDA:144,20,0,0
BRDA:151,21,0,1
BRDA:168,22,0,1
BRDA:172,23,0,1
BRDA:178,24,0,0
BRF:25
BRH:19
end_of_record
TN:
SF:src/AppCartasMagic/GestorCartasPromises.ts
FN:20,construirDirectorio
FN:31,construirRutaArchivo
FN:44,modificarCarta
FN:72,eliminarCarta
FNF:4
FNH:4
FNDA:5,construirDirectorio
FNDA:5,construirRutaArchivo
FNDA:3,modificarCarta
FNDA:2,eliminarCarta
DA:1,1
DA:2,1
DA:3,1
DA:4,1
DA:5,1
DA:6,1
DA:7,1
DA:8,1
DA:9,1
DA:10,1
DA:11,1
DA:12,1
DA:13,1
DA:14,1
DA:15,1
DA:16,1
DA:17,1
DA:18,1
DA:19,1
DA:20,1
DA:21,5
DA:22,5
DA:23,1
DA:24,1
DA:25,1
DA:26,1
DA:27,1
DA:28,1
DA:29,1
DA:30,1
DA:31,1
DA:32,5
DA:33,5
DA:34,5
DA:35,1
DA:36,1
DA:37,1
DA:38,1
DA:39,1
DA:40,1
DA:41,1
DA:42,1
DA:43,1
DA:44,1
DA:45,3
DA:46,3
DA:47,3
DA:48,3
DA:49,3
DA:50,1
DA:51,1
DA:52,3
DA:53,3
DA:54,1
DA:55,3
DA:56,3
DA:57,2
DA:58,2
DA:59,2
DA:60,2
DA:61,3
DA:62,3
DA:63,3
DA:64,1
DA:65,1
DA:66,1
DA:67,1
DA:68,1
DA:69,1
DA:70,1
DA:71,1
DA:72,1
DA:73,2
DA:74,2
DA:75,2
DA:76,2
DA:77,2
DA:78,1
DA:79,2
DA:80,2
DA:81,1
DA:82,2
DA:83,2
DA:84,1
DA:85,1
DA:86,1
DA:87,1
DA:88,2
DA:89,2
DA:90,2
DA:91,1
DA:92,1
LF:92
LH:92
BRDA:20,0,0,5
BRDA:31,1,0,5
BRDA:44,2,0,3
BRDA:47,3,0,3
BRDA:49,4,0,1
BRDA:53,5,0,1
BRDA:56,6,0,2
BRDA:72,7,0,2
BRDA:75,8,0,2
BRDA:77,9,0,1
BRDA:80,10,0,1
BRDA:83,11,0,1
BRF:12
BRH:12
end_of_record
