TN:
SF:src/AppCartasMagic/Carta.ts
FN:47,<instance_members_initializer>
FN:48,Carta
FN:64,<instance_members_initializer>
FN:65,CartaCriatura
FN:85,<instance_members_initializer>
FN:86,CartaPlaneswalker
FNF:6
FNH:6
FNDA:3,<instance_members_initializer>
FNDA:3,Carta
FNDA:1,<instance_members_initializer>
FNDA:1,CartaCriatura
FNDA:1,<instance_members_initializer>
FNDA:1,CartaPlaneswalker
DA:1,1
DA:2,1
DA:3,1
DA:4,1
DA:5,1
DA:6,1
DA:7,1
DA:8,1
DA:9,1
DA:10,1
DA:11,1
DA:12,1
DA:13,1
DA:14,1
DA:15,1
DA:16,1
DA:17,1
DA:18,1
DA:19,1
DA:20,1
DA:21,1
DA:22,1
DA:23,1
DA:24,1
DA:25,1
DA:26,1
DA:27,1
DA:28,1
DA:29,1
DA:30,1
DA:31,1
DA:32,1
DA:33,1
DA:34,1
DA:35,1
DA:36,1
DA:37,1
DA:38,1
DA:39,1
DA:40,1
DA:41,1
DA:42,1
DA:43,1
DA:44,1
DA:45,1
DA:46,1
DA:47,1
DA:48,3
DA:49,3
DA:50,3
DA:51,3
DA:52,3
DA:53,3
DA:54,3
DA:55,3
DA:56,3
DA:57,3
DA:58,1
DA:59,1
DA:60,1
DA:61,1
DA:62,1
DA:63,1
DA:64,1
DA:65,1
DA:66,1
DA:67,1
DA:68,1
DA:69,1
DA:70,1
DA:71,1
DA:72,1
DA:73,1
DA:74,1
DA:75,1
DA:76,1
DA:77,1
DA:78,1
DA:79,1
DA:80,1
DA:81,1
DA:82,1
DA:83,1
DA:84,1
DA:85,1
DA:86,1
DA:87,1
DA:88,1
DA:89,1
DA:90,1
DA:91,1
DA:92,1
DA:93,1
DA:94,1
DA:95,1
DA:96,1
DA:97,1
DA:98,1
LF:98
LH:98
BRDA:4,0,0,1
BRDA:17,1,0,1
BRDA:30,2,0,1
BRDA:47,3,0,3
BRDA:48,4,0,3
BRDA:64,5,0,1
BRDA:65,6,0,1
BRDA:85,7,0,1
BRDA:86,8,0,1
BRF:9
BRH:9
end_of_record
TN:
SF:src/AppCartasMagic/GestorCartas.ts
FN:20,construirDirectorio
FN:31,construirRutaArchivo
FN:43,addCarta
FN:75,modificarCarta
FN:101,eliminarCarta
FN:126,listarCartas
FN:192,mostrarCarta
FNF:7
FNH:7
FNDA:22,construirDirectorio
FNDA:15,construirRutaArchivo
FNDA:5,addCarta
FNDA:1,modificarCarta
FNDA:8,eliminarCarta
FNDA:2,listarCartas
FNDA:1,mostrarCarta
DA:1,1
DA:2,1
DA:3,1
DA:4,1
DA:5,1
DA:6,1
DA:7,1
DA:8,1
DA:9,1
DA:10,1
DA:11,1
DA:12,1
DA:13,1
DA:14,1
DA:15,1
DA:16,1
DA:17,1
DA:18,1
DA:19,1
DA:20,1
DA:21,22
DA:22,22
DA:23,1
DA:24,1
DA:25,1
DA:26,1
DA:27,1
DA:28,1
DA:29,1
DA:30,1
DA:31,1
DA:32,15
DA:33,15
DA:34,15
DA:35,1
DA:36,1
DA:37,1
DA:38,1
DA:39,1
DA:40,1
DA:41,1
DA:42,1
DA:43,1
DA:44,5
DA:45,5
DA:46,5
DA:47,5
DA:48,5
DA:49,0
DA:50,5
DA:51,5
DA:52,5
DA:53,4
DA:54,4
DA:55,4
DA:56,5
DA:57,1
DA:58,5
DA:59,5
DA:60,0
DA:61,0
DA:62,0
DA:63,0
DA:64,0
DA:65,5
DA:66,5
DA:67,1
DA:68,1
DA:69,1
DA:70,1
DA:71,1
DA:72,1
DA:73,1
DA:74,1
DA:75,1
DA:76,1
DA:77,1
DA:78,1
DA:79,1
DA:80,1
DA:81,1
DA:82,0
DA:83,0
DA:84,0
DA:85,0
DA:86,0
DA:87,0
DA:88,0
DA:89,0
DA:90,0
DA:91,0
DA:92,0
DA:93,1
DA:94,1
DA:95,1
DA:96,1
DA:97,1
DA:98,1
DA:99,1
DA:100,1
DA:101,1
DA:102,8
DA:103,8
DA:104,8
DA:105,8
DA:106,4
DA:107,4
DA:108,4
DA:109,4
DA:110,4
DA:111,0
DA:112,4
DA:113,4
DA:114,4
DA:115,4
DA:116,4
DA:117,4
DA:118,8
DA:119,8
DA:120,1
DA:121,1
DA:122,1
DA:123,1
DA:124,1
DA:125,1
DA:126,1
DA:127,2
DA:128,2
DA:129,2
DA:130,2
DA:131,2
DA:132,1
DA:133,1
DA:134,1
DA:135,1
DA:136,1
DA:137,1
DA:138,1
DA:139,1
DA:140,0
DA:141,0
DA:142,0
DA:143,1
DA:144,1
DA:145,1
DA:146,1
DA:147,1
DA:148,1
DA:149,1
DA:150,1
DA:151,0
DA:152,0
DA:153,0
DA:154,1
DA:155,1
DA:156,4
DA:157,4
DA:158,4
DA:159,4
DA:160,4
DA:161,0
DA:162,0
DA:163,0
DA:164,4
DA:165,4
DA:166,4
DA:167,4
DA:168,4
DA:169,0
DA:170,0
DA:171,4
DA:172,4
DA:173,4
DA:174,4
DA:175,4
DA:176,1
DA:177,1
DA:178,1
DA:179,4
DA:180,1
DA:181,1
DA:182,2
DA:183,2
DA:184,1
DA:185,1
DA:186,1
DA:187,1
DA:188,1
DA:189,1
DA:190,1
DA:191,1
DA:192,1
DA:193,1
DA:194,1
DA:195,1
DA:196,1
DA:197,1
DA:198,1
DA:199,1
DA:200,1
DA:201,1
DA:202,0
DA:203,0
DA:204,0
DA:205,0
DA:206,0
DA:207,0
DA:208,0
DA:209,0
DA:210,0
DA:211,0
DA:212,0
DA:213,0
DA:214,0
DA:215,0
DA:216,0
DA:217,0
DA:218,0
DA:219,0
DA:220,0
DA:221,0
DA:222,0
DA:223,0
DA:224,0
DA:225,0
DA:226,0
DA:227,0
DA:228,0
DA:229,0
DA:230,1
DA:231,1
DA:232,1
LF:232
LH:175
BRDA:20,0,0,22
BRDA:31,1,0,15
BRDA:43,2,0,5
BRDA:48,3,0,0
BRDA:52,4,0,4
BRDA:56,5,0,1
BRDA:59,6,0,0
BRDA:75,7,0,1
BRDA:82,8,0,0
BRDA:101,9,0,8
BRDA:104,10,0,8
BRDA:105,11,0,4
BRDA:109,12,0,4
BRDA:110,13,0,0
BRDA:126,14,0,2
BRDA:130,15,0,2
BRDA:131,16,0,1
BRDA:138,17,0,1
BRDA:139,18,0,0
BRDA:150,19,0,0
BRDA:155,20,0,4
BRDA:159,21,0,4
BRDA:160,22,0,0
BRDA:168,23,0,0
BRDA:168,24,0,0
BRDA:175,25,0,1
BRDA:192,26,0,1
BRDA:196,27,0,1
BRDA:202,28,0,0
BRF:29
BRH:19
end_of_record
